<?xml version="1.0" encoding="UTF-8"?>
<!-- Generated by org.testng.reporters.JUnitReportReporter -->
<testsuite skipped="0" hostname="AIPL2361LT06766" name="SeleniumHierarchy.WindowScrollTest" tests="1" failures="0" timestamp="27 Jul 2020 12:17:59 GMT" time="8.020" errors="0">
  <testcase name="getPageText" time="8.020" classname="SeleniumHierarchy.WindowScrollTest"/>
</testsuite> <!-- SeleniumHierarchy.WindowScrollTest -->
