<?xml version="1.0" encoding="UTF-8"?>
<!-- Generated by org.testng.reporters.JUnitReportReporter -->
<testsuite skipped="0" hostname="AIPL2361LT06766" name="WebElements.IllegalArgumentExceptionExample" tests="1" failures="0" timestamp="04 Jun 2020 10:22:26 GMT" time="5.383" errors="0">
  <testcase name="googleSearch3" time="5.383" classname="WebElements.IllegalArgumentExceptionExample"/>
</testsuite> <!-- WebElements.IllegalArgumentExceptionExample -->
