<?xml version="1.0" encoding="UTF-8"?>
<!-- Generated by org.testng.reporters.JUnitReportReporter -->
<testsuite skipped="0" hostname="AIPL-PUN-LT-081" name="JavaScript.AlertsWindow" tests="1" failures="0" timestamp="10 May 2020 06:32:29 GMT" time="14.602" errors="0">
  <testcase name="testConfirm" time="14.602" classname="JavaScript.AlertsWindow"/>
</testsuite> <!-- JavaScript.AlertsWindow -->
