<?xml version="1.0" encoding="UTF-8"?>
<!-- Generated by org.testng.reporters.JUnitReportReporter -->
<testsuite skipped="0" hostname="AIPL2361LT06766" name="ASeleniumSessions.LinksVerificationTest" tests="1" failures="0" timestamp="31 May 2020 10:07:54 GMT" time="139.665" errors="0">
  <testcase name="verifyBrokenLinsTest" time="139.665" classname="ASeleniumSessions.LinksVerificationTest"/>
</testsuite> <!-- ASeleniumSessions.LinksVerificationTest -->
