<?xml version="1.0" encoding="UTF-8"?>
<!-- Generated by org.testng.reporters.JUnitReportReporter -->
<testsuite skipped="0" hostname="AIPL2361LT06766" name="SeleniumExceptionsList.StaleElementReferenceDemo1" tests="1" failures="0" timestamp="01 Aug 2020 12:12:49 GMT" time="21.081" errors="0">
  <testcase name="test1" time="21.081" classname="SeleniumExceptionsList.StaleElementReferenceDemo1"/>
</testsuite> <!-- SeleniumExceptionsList.StaleElementReferenceDemo1 -->
