<?xml version="1.0" encoding="UTF-8"?>
<!-- Generated by org.testng.reporters.JUnitReportReporter -->
<testsuite skipped="0" hostname="AIPL2361LT06766" name="DropDown.DropDownVerify" tests="1" failures="0" timestamp="20 Jun 2020 12:26:49 GMT" time="15.571" errors="0">
  <testcase name="verifydropDownValues" time="15.571" classname="DropDown.DropDownVerify"/>
</testsuite> <!-- DropDown.DropDownVerify -->
