<?xml version="1.0" encoding="UTF-8"?>
<!-- Generated by org.testng.reporters.JUnitReportReporter -->
<testsuite skipped="0" hostname="AIPL2361LT06766" name="SeleniumHierarchy.ScreenShotTest" tests="1" failures="0" timestamp="03 Jul 2020 19:09:03 GMT" time="12.506" errors="0">
  <testcase name="getScreenShotTextTest" time="12.506" classname="SeleniumHierarchy.ScreenShotTest"/>
</testsuite> <!-- SeleniumHierarchy.ScreenShotTest -->
