<?xml version="1.0" encoding="UTF-8"?>
<!-- Generated by org.testng.reporters.JUnitReportReporter -->
<testsuite skipped="0" hostname="AIPL2361LT06766" name="SeleniumHierarchy.FluentWaitConcept" tests="1" failures="0" timestamp="04 Jul 2020 06:51:59 GMT" time="18.462" errors="0">
  <testcase name="getFluentWaitConcept" time="18.462" classname="SeleniumHierarchy.FluentWaitConcept"/>
</testsuite> <!-- SeleniumHierarchy.FluentWaitConcept -->
