<?xml version="1.0" encoding="UTF-8"?>
<!-- Generated by org.testng.reporters.JUnitReportReporter -->
<testsuite skipped="0" hostname="AIPL2361LT06766" name="WebElements.ElementNotInteractableException" tests="1" failures="0" timestamp="01 Jun 2020 07:26:52 GMT" time="7.205" errors="0">
  <testcase name="googleSearchWithNoExceptionTest" time="7.205" classname="WebElements.ElementNotInteractableException"/>
</testsuite> <!-- WebElements.ElementNotInteractableException -->
