<?xml version="1.0" encoding="UTF-8"?>
<!-- Generated by org.testng.reporters.JUnitReportReporter -->
<testsuite skipped="0" hostname="AIPL2361LT06766" name="NinjaSelenium.FireFoxProfileDemo" tests="1" failures="0" timestamp="02 Aug 2020 07:15:14 GMT" time="13.739" errors="0">
  <testcase name="testFireFox" time="13.739" classname="NinjaSelenium.FireFoxProfileDemo"/>
</testsuite> <!-- NinjaSelenium.FireFoxProfileDemo -->
