<?xml version="1.0" encoding="UTF-8"?>
<!-- Generated by org.testng.reporters.JUnitReportReporter -->
<testsuite skipped="0" hostname="AIPL2361LT06766" name="ASeleniumSessions.RightClickConcept17" tests="1" failures="0" timestamp="03 Jul 2020 18:56:15 GMT" time="6.327" errors="0">
  <testcase name="verifyRightDropDownValues" time="6.327" classname="ASeleniumSessions.RightClickConcept17"/>
</testsuite> <!-- ASeleniumSessions.RightClickConcept17 -->
