<?xml version="1.0" encoding="UTF-8"?>
<!-- Generated by org.testng.reporters.JUnitReportReporter -->
<testsuite skipped="0" hostname="AIPL2361LT06766" name="SeleniumHierarchy.CaptureTotalLinksText" tests="1" failures="0" timestamp="03 Jul 2020 16:52:11 GMT" time="0.243" errors="0">
  <testcase name="doEnterText" time="0.243" classname="SeleniumHierarchy.CaptureTotalLinksText"/>
</testsuite> <!-- SeleniumHierarchy.CaptureTotalLinksText -->
