<?xml version="1.0" encoding="UTF-8"?>
<!-- Generated by org.testng.reporters.JUnitReportReporter -->
<testsuite skipped="0" hostname="AIPL2361LT06766" name="SeleniumHierarchy.SelectDropDown" tests="1" failures="0" timestamp="03 Jul 2020 18:27:29 GMT" time="7.904" errors="0">
  <testcase name="selectDropwDownTest" time="7.904" classname="SeleniumHierarchy.SelectDropDown"/>
</testsuite> <!-- SeleniumHierarchy.SelectDropDown -->
