<?xml version="1.0" encoding="UTF-8"?>
<!-- Generated by org.testng.reporters.JUnitReportReporter -->
<testsuite skipped="0" hostname="AIPL-PUN-LT-081" name="JavaScript.JSClick2" tests="1" failures="0" timestamp="10 May 2020 06:11:17 GMT" time="8.074" errors="0">
  <testcase name="doClickUsingAnotherWayTest" time="8.074" classname="JavaScript.JSClick2"/>
</testsuite> <!-- JavaScript.JSClick2 -->
