<?xml version="1.0" encoding="UTF-8"?>
<!-- Generated by org.testng.reporters.JUnitReportReporter -->
<testsuite skipped="0" hostname="AIPL2361LT06766" name="TestNGSessions.RandomOrderTest" tests="1" failures="0" timestamp="15 Jul 2020 12:02:17 GMT" time="0.014" errors="0">
  <testcase name="Test1" time="0.014" classname="TestNGSessions.RandomOrderTest"/>
</testsuite> <!-- TestNGSessions.RandomOrderTest -->
