<?xml version="1.0" encoding="UTF-8"?>
<!-- Generated by org.testng.reporters.JUnitReportReporter -->
<testsuite skipped="0" hostname="AIPL-PUN-LT-081" name="JavaScript.JSClick" tests="1" failures="0" timestamp="10 May 2020 06:06:11 GMT" time="11.663" errors="0">
  <testcase name="doclickByJS" time="11.663" classname="JavaScript.JSClick"/>
</testsuite> <!-- JavaScript.JSClick -->
