<?xml version="1.0" encoding="UTF-8"?>
<!-- Generated by org.testng.reporters.JUnitReportReporter -->
<testsuite skipped="0" hostname="AIPL2361LT06766" name="ASeleniumSessions.FluentWaitconcept" tests="1" failures="0" timestamp="27 Jul 2020 16:03:18 GMT" time="6.823" errors="0">
  <testcase name="checkJS" time="6.823" classname="ASeleniumSessions.FluentWaitconcept"/>
</testsuite> <!-- ASeleniumSessions.FluentWaitconcept -->
