<?xml version="1.0" encoding="UTF-8"?>
<!-- Generated by org.testng.reporters.JUnitReportReporter -->
<testsuite skipped="0" hostname="AIPL2361LT06766" name="testNgSessions.PriorityConcept" tests="3" failures="0" timestamp="30 Jul 2020 08:53:43 GMT" time="0.011" errors="0">
  <testcase name="ankush" time="0.009" classname="testNgSessions.PriorityConcept"/>
  <testcase name="arjun" time="0.001" classname="testNgSessions.PriorityConcept"/>
  <testcase name="aarav" time="0.001" classname="testNgSessions.PriorityConcept"/>
</testsuite> <!-- testNgSessions.PriorityConcept -->
