<?xml version="1.0" encoding="UTF-8"?>
<!-- Generated by org.testng.reporters.JUnitReportReporter -->
<testsuite skipped="0" hostname="AIPL2361LT06766" name="com.framework.pageFactory.LoginPageNewTest" tests="1" failures="0" timestamp="09 Jul 2020 08:43:46 GMT" time="6.402" errors="0">
  <testcase name="testCase1" time="6.402" classname="com.framework.pageFactory.LoginPageNewTest"/>
</testsuite> <!-- com.framework.pageFactory.LoginPageNewTest -->
